[0m20:17:47.249760 [debug] [MainThread]: Sending event: {'category': 'dbt', 'action': 'invocation', 'label': 'start', 'context': [<snowplow_tracker.self_describing_json.SelfDescribingJson object at 0x122a36510>, <snowplow_tracker.self_describing_json.SelfDescribingJson object at 0x122a37a10>, <snowplow_tracker.self_describing_json.SelfDescribingJson object at 0x122a5af10>]}


============================== 20:17:47.259319 | 030356f7-7de7-4c5f-8b42-042d96bb3f43 ==============================
[0m20:17:47.259319 [info ] [MainThread]: Running with dbt=1.11.0-rc3
[0m20:17:47.260348 [debug] [MainThread]: running dbt with arguments {'cache_selected_only': 'False', 'static_parser': 'True', 'use_experimental_parser': 'False', 'partial_parse': 'True', 'target_path': 'None', 'version_check': 'True', 'use_colors': 'True', 'quiet': 'False', 'write_json': 'True', 'log_path': 'logs', 'fail_fast': 'False', 'profiles_dir': '/Users/chaitanyachangala/.dbt', 'log_cache_events': 'False', 'empty': 'None', 'invocation_command': 'dbt init cdc_pharmacy_project', 'printer_width': '80', 'indirect_selection': 'eager', 'warn_error_options': 'WarnErrorOptionsV2(error=[], warn=[], silence=[])', 'send_anonymous_usage_stats': 'True', 'debug': 'False', 'introspect': 'True', 'warn_error': 'None', 'no_print': 'None', 'log_format': 'default'}
[0m20:17:47.281718 [debug] [MainThread]: Starter project path: /opt/anaconda3/envs/pharmacy-env/lib/python3.11/site-packages/dbt/include/starter_project
[0m20:17:47.286326 [info ] [MainThread]: 
Your new dbt project "cdc_pharmacy_project" was created!

For more information on how to configure the profiles.yml file,
please consult the dbt documentation here:

  https://docs.getdbt.com/docs/configure-your-profile

One more thing:

Need help? Don't hesitate to reach out to us via GitHub issues or on Slack:

  https://community.getdbt.com/

Happy modeling!

[0m20:17:47.286613 [info ] [MainThread]: Setting up your profile.
[0m20:19:01.080337 [info ] [MainThread]: Profile cdc_pharmacy_project written to /Users/chaitanyachangala/.dbt/profiles.yml using target's profile_template.yml and your supplied values. Run 'dbt debug' to validate the connection.
[0m20:19:01.238650 [debug] [MainThread]: Resource report: {"command_name": "init", "command_success": true, "command_wall_clock_time": 74.03096, "process_in_blocks": "0", "process_kernel_time": 0.964264, "process_mem_max_rss": "338001920", "process_out_blocks": "0", "process_user_time": 3.415049}
[0m20:19:01.416771 [debug] [MainThread]: Command `dbt init` succeeded at 20:19:01.411293 after 74.22 seconds
[0m20:19:01.453578 [debug] [MainThread]: Sending event: {'category': 'dbt', 'action': 'invocation', 'label': 'end', 'context': [<snowplow_tracker.self_describing_json.SelfDescribingJson object at 0x122a5a6d0>, <snowplow_tracker.self_describing_json.SelfDescribingJson object at 0x122a37590>, <snowplow_tracker.self_describing_json.SelfDescribingJson object at 0x104c29b10>]}
[0m20:19:01.482098 [debug] [MainThread]: Flushing usage events
[0m20:19:03.726869 [debug] [MainThread]: An error was encountered while trying to flush usage events
[0m20:19:25.559080 [debug] [MainThread]: Sending event: {'category': 'dbt', 'action': 'invocation', 'label': 'start', 'context': [<snowplow_tracker.self_describing_json.SelfDescribingJson object at 0x10731e990>, <snowplow_tracker.self_describing_json.SelfDescribingJson object at 0x1397524d0>, <snowplow_tracker.self_describing_json.SelfDescribingJson object at 0x139753090>]}


============================== 20:19:25.562873 | 20f3b6b7-7bc9-4004-8392-22157286b460 ==============================
[0m20:19:25.562873 [info ] [MainThread]: Running with dbt=1.11.0-rc3
[0m20:19:25.563434 [debug] [MainThread]: running dbt with arguments {'cache_selected_only': 'False', 'printer_width': '80', 'debug': 'False', 'log_path': 'logs', 'log_format': 'default', 'send_anonymous_usage_stats': 'True', 'no_print': 'None', 'static_parser': 'True', 'invocation_command': 'dbt debug', 'empty': 'None', 'write_json': 'True', 'warn_error': 'None', 'indirect_selection': 'eager', 'log_cache_events': 'False', 'use_experimental_parser': 'False', 'version_check': 'True', 'partial_parse': 'True', 'warn_error_options': 'WarnErrorOptionsV2(error=[], warn=[], silence=[])', 'quiet': 'False', 'use_colors': 'True', 'introspect': 'True', 'profiles_dir': '/Users/chaitanyachangala/.dbt', 'fail_fast': 'False', 'target_path': 'None'}
[0m20:19:25.589129 [info ] [MainThread]: dbt version: 1.11.0-rc3
[0m20:19:25.589636 [info ] [MainThread]: python version: 3.11.14
[0m20:19:25.589941 [info ] [MainThread]: python path: /opt/anaconda3/envs/pharmacy-env/bin/python3.11
[0m20:19:25.590153 [info ] [MainThread]: os info: macOS-13.4-arm64-arm-64bit
[0m20:19:31.699330 [info ] [MainThread]: Using profiles dir at /Users/chaitanyachangala/.dbt
[0m20:19:31.700078 [info ] [MainThread]: Using profiles.yml file at /Users/chaitanyachangala/.dbt/profiles.yml
[0m20:19:31.700245 [info ] [MainThread]: Using dbt_project.yml file at /Users/chaitanyachangala/Documents/DATAENGINEER PROJECTS/cdc-pharmacy-pipeline-project/dbt_project.yml
[0m20:19:31.700555 [info ] [MainThread]: adapter type: bigquery
[0m20:19:31.700770 [info ] [MainThread]: adapter version: 1.10.3
[0m20:19:31.700920 [info ] [MainThread]: Configuration:
[0m20:19:31.701047 [info ] [MainThread]:   profiles.yml file [[32mOK found and valid[0m]
[0m20:19:31.701180 [info ] [MainThread]:   dbt_project.yml file [[31mERROR not found[0m]
[0m20:19:31.701308 [info ] [MainThread]: Required dependencies:
[0m20:19:31.701476 [debug] [MainThread]: Executing "git --help"
[0m20:19:31.724037 [debug] [MainThread]: STDOUT: "b"usage: git [-v | --version] [-h | --help] [-C <path>] [-c <name>=<value>]\n           [--exec-path[=<path>]] [--html-path] [--man-path] [--info-path]\n           [-p | --paginate | -P | --no-pager] [--no-replace-objects] [--bare]\n           [--git-dir=<path>] [--work-tree=<path>] [--namespace=<name>]\n           [--super-prefix=<path>] [--config-env=<name>=<envvar>]\n           <command> [<args>]\n\nThese are common Git commands used in various situations:\n\nstart a working area (see also: git help tutorial)\n   clone     Clone a repository into a new directory\n   init      Create an empty Git repository or reinitialize an existing one\n\nwork on the current change (see also: git help everyday)\n   add       Add file contents to the index\n   mv        Move or rename a file, a directory, or a symlink\n   restore   Restore working tree files\n   rm        Remove files from the working tree and from the index\n\nexamine the history and state (see also: git help revisions)\n   bisect    Use binary search to find the commit that introduced a bug\n   diff      Show changes between commits, commit and working tree, etc\n   grep      Print lines matching a pattern\n   log       Show commit logs\n   show      Show various types of objects\n   status    Show the working tree status\n\ngrow, mark and tweak your common history\n   branch    List, create, or delete branches\n   commit    Record changes to the repository\n   merge     Join two or more development histories together\n   rebase    Reapply commits on top of another base tip\n   reset     Reset current HEAD to the specified state\n   switch    Switch branches\n   tag       Create, list, delete or verify a tag object signed with GPG\n\ncollaborate (see also: git help workflows)\n   fetch     Download objects and refs from another repository\n   pull      Fetch from and integrate with another repository or a local branch\n   push      Update remote refs along with associated objects\n\n'git help -a' and 'git help -g' list available subcommands and some\nconcept guides. See 'git help <command>' or 'git help <concept>'\nto read about a specific subcommand or concept.\nSee 'git help git' for an overview of the system.\n""
[0m20:19:31.724888 [debug] [MainThread]: STDERR: "b''"
[0m20:19:31.725245 [info ] [MainThread]:  - git [[32mOK found[0m]

[0m20:19:31.725576 [info ] [MainThread]: Connection:
[0m20:19:31.725945 [info ] [MainThread]:   method: service-account
[0m20:19:31.726120 [info ] [MainThread]:   database: pharmacy-pipeline-2025
[0m20:19:31.726322 [info ] [MainThread]:   execution_project: pharmacy-pipeline-2025
[0m20:19:31.726709 [info ] [MainThread]:   schema: analytics 
[0m20:19:31.726852 [info ] [MainThread]:   location: US
[0m20:19:31.726980 [info ] [MainThread]:   priority: interactive
[0m20:19:31.727114 [info ] [MainThread]:   maximum_bytes_billed: None
[0m20:19:31.727239 [info ] [MainThread]:   impersonate_service_account: None
[0m20:19:31.727356 [info ] [MainThread]:   job_retry_deadline_seconds: None
[0m20:19:31.727471 [info ] [MainThread]:   job_retries: 1
[0m20:19:31.727585 [info ] [MainThread]:   job_creation_timeout_seconds: None
[0m20:19:31.727696 [info ] [MainThread]:   job_execution_timeout_seconds: 300
[0m20:19:31.728074 [info ] [MainThread]:   timeout_seconds: 300
[0m20:19:31.728418 [info ] [MainThread]:   client_id: None
[0m20:19:31.728565 [info ] [MainThread]:   token_uri: None
[0m20:19:31.728688 [info ] [MainThread]:   compute_region: None
[0m20:19:31.728808 [info ] [MainThread]:   dataproc_cluster_name: None
[0m20:19:31.728920 [info ] [MainThread]:   gcs_bucket: None
[0m20:19:31.729046 [info ] [MainThread]:   dataproc_batch: None
[0m20:19:31.729448 [info ] [MainThread]: Registered adapter: bigquery=1.10.3
[0m20:19:31.993623 [debug] [MainThread]: Acquiring new bigquery connection 'debug'
[0m20:19:31.994155 [debug] [MainThread]: On debug: select 1 as id
[0m20:19:31.994391 [debug] [MainThread]: Opening a new connection, currently in state init
[0m20:19:33.186237 [debug] [MainThread]: BigQuery adapter: https://console.cloud.google.com/bigquery?project=pharmacy-pipeline-2025&j=bq:US:ddfbef7d-9a27-4a11-a9ce-0f10fc0b95f3&page=queryresults
[0m20:19:33.784334 [info ] [MainThread]:   Connection test: [[32mOK connection ok[0m]

[0m20:19:33.787371 [info ] [MainThread]: [31m1 check failed:[0m
[0m20:19:33.788932 [info ] [MainThread]: Project loading failed for the following reason:
 project path </Users/chaitanyachangala/Documents/DATAENGINEER PROJECTS/cdc-pharmacy-pipeline-project/dbt_project.yml> not found

[0m20:19:33.810401 [debug] [MainThread]: Resource report: {"command_name": "debug", "command_success": false, "command_wall_clock_time": 8.303969, "process_in_blocks": "0", "process_kernel_time": 1.532766, "process_mem_max_rss": "349880320", "process_out_blocks": "0", "process_user_time": 3.767666}
[0m20:19:33.813348 [debug] [MainThread]: Command `dbt debug` failed at 20:19:33.812940 after 8.31 seconds
[0m20:19:33.814627 [debug] [MainThread]: Connection 'debug' was properly closed.
[0m20:19:33.815605 [debug] [MainThread]: Sending event: {'category': 'dbt', 'action': 'invocation', 'label': 'end', 'context': [<snowplow_tracker.self_describing_json.SelfDescribingJson object at 0x16bc10b50>, <snowplow_tracker.self_describing_json.SelfDescribingJson object at 0x104ac1950>, <snowplow_tracker.self_describing_json.SelfDescribingJson object at 0x104ac1b10>]}
[0m20:19:33.816177 [debug] [MainThread]: Flushing usage events
[0m20:19:34.081254 [debug] [MainThread]: An error was encountered while trying to flush usage events
